<?xml version="1.0" encoding="utf-8"?><testsuites name="pytest tests"><testsuite name="pytest" errors="0" failures="0" skipped="0" tests="13" time="3.715" timestamp="2026-04-07T13:52:28.683829+00:00" hostname="agent-env-ed9815ed-aa2c-4e55-8be8-a38f92d30ecd"><testcase classname="backend.tests.test_new_features.TestHealthCheck" name="test_api_health" time="0.806" /><testcase classname="backend.tests.test_new_features.TestCreditOrdersAPI" name="test_get_credit_orders_authenticated" time="0.467" /><testcase classname="backend.tests.test_new_features.TestCreditOrdersAPI" name="test_get_credit_orders_unauthenticated" time="0.118" /><testcase classname="backend.tests.test_new_features.TestMarkComplementaryAPI" name="test_mark_complementary_endpoint_exists" time="0.400" /><testcase classname="backend.tests.test_new_features.TestKitchenDashboardAPI" name="test_get_kitchen_orders_authenticated" time="0.457" /><testcase classname="backend.tests.test_new_features.TestKitchenDashboardAPI" name="test_get_kitchen_orders_unauthenticated" time="0.111" /><testcase classname="backend.tests.test_new_features.TestSetPickupAPI" name="test_set_pickup_endpoint_structure" time="0.292" /><testcase classname="backend.tests.test_new_features.TestDeliveryDashboardAPI" name="test_get_available_orders" time="0.417" /><testcase classname="backend.tests.test_new_features.TestDeliveryDashboardAPI" name="test_get_my_orders" time="0.132" /><testcase classname="backend.tests.test_new_features.TestDeliveryDashboardAPI" name="test_delivery_endpoints_unauthenticated" time="0.187" /><testcase classname="backend.tests.test_new_features.TestManageOrdersAPI" name="test_get_manage_orders" time="0.115" /><testcase classname="backend.tests.test_new_features.TestTimeSlotsAPI" name="test_get_time_slots" time="0.070" /><testcase classname="backend.tests.test_new_features.TestDeliveryPersonsAPI" name="test_get_delivery_persons" time="0.077" /></testsuite></testsuites>