<?xml version="1.0" encoding="utf-8"?><testsuites name="pytest tests"><testsuite name="pytest" errors="0" failures="0" skipped="0" tests="18" time="10.774" timestamp="2026-02-26T16:21:03.378285+00:00" hostname="agent-env-2911216d-3e5c-4d5c-a051-aa4bb127cb53"><testcase classname="tests.test_manage_orders.TestAuthAndSetup" name="test_health_check" time="0.368" /><testcase classname="tests.test_manage_orders.TestAuthAndSetup" name="test_super_admin_login" time="0.553" /><testcase classname="tests.test_manage_orders.TestOutletManagement" name="test_create_outlet_with_credentials" time="0.699" /><testcase classname="tests.test_manage_orders.TestOutletManagement" name="test_get_all_outlets" time="0.431" /><testcase classname="tests.test_manage_orders.TestOutletManagement" name="test_edit_outlet_with_optional_password" time="1.154" /><testcase classname="tests.test_manage_orders.TestBranchSummaryDashboard" name="test_branch_summary_endpoint" time="0.434" /><testcase classname="tests.test_manage_orders.TestBranchSummaryDashboard" name="test_dashboard_stats" time="0.464" /><testcase classname="tests.test_manage_orders.TestManageOrdersModule" name="test_get_manage_orders" time="0.398" /><testcase classname="tests.test_manage_orders.TestManageOrdersModule" name="test_create_order_for_workflow" time="1.028" /><testcase classname="tests.test_manage_orders.TestPaymentRecording" name="test_record_payment" time="0.980" /><testcase classname="tests.test_manage_orders.TestPaymentRecording" name="test_get_order_payments" time="0.491" /><testcase classname="tests.test_manage_orders.TestStatusWorkflow" name="test_create_paid_order_for_status_test" time="1.071" /><testcase classname="tests.test_manage_orders.TestStatusWorkflow" name="test_status_update_to_ready" time="0.437" /><testcase classname="tests.test_manage_orders.TestStatusWorkflow" name="test_status_update_to_picked_up" time="0.403" /><testcase classname="tests.test_manage_orders.TestStatusWorkflow" name="test_status_update_to_delivered" time="0.421" /><testcase classname="tests.test_manage_orders.TestWhatsAppIntegration" name="test_whatsapp_templates_exist" time="0.575" /><testcase classname="tests.test_manage_orders.TestWhatsAppIntegration" name="test_whatsapp_logs" time="0.475" /><testcase classname="tests.test_manage_orders.TestCleanup" name="test_summary" time="0.314" /></testsuite></testsuites>