<?xml version="1.0" encoding="utf-8"?><testsuites name="pytest tests"><testsuite name="pytest" errors="0" failures="0" skipped="0" tests="18" time="4.234" timestamp="2026-03-14T11:14:46.699263+00:00" hostname="agent-env-2911216d-3e5c-4d5c-a051-aa4bb127cb53"><testcase classname="backend.tests.test_features.TestAuthAndSetup" name="test_admin_login" time="0.374" /><testcase classname="backend.tests.test_features.TestSettingsCRUD" name="test_get_flavours" time="0.580" /><testcase classname="backend.tests.test_features.TestSettingsCRUD" name="test_create_flavour" time="0.071" /><testcase classname="backend.tests.test_features.TestSettingsCRUD" name="test_delete_flavour" time="0.136" /><testcase classname="backend.tests.test_features.TestSettingsCRUD" name="test_get_occasions" time="0.069" /><testcase classname="backend.tests.test_features.TestSettingsCRUD" name="test_create_occasion" time="0.076" /><testcase classname="backend.tests.test_features.TestSettingsCRUD" name="test_delete_occasion" time="0.116" /><testcase classname="backend.tests.test_features.TestSettingsCRUD" name="test_get_time_slots" time="0.093" /><testcase classname="backend.tests.test_features.TestSettingsCRUD" name="test_create_time_slot" time="0.079" /><testcase classname="backend.tests.test_features.TestSettingsCRUD" name="test_delete_time_slot" time="0.065" /><testcase classname="backend.tests.test_features.TestPetPoojaWebhookURL" name="test_petpooja_webhook_url_returns_actual_domain" time="0.404" /><testcase classname="backend.tests.test_features.TestKitchenDashboard" name="test_kitchen_orders_endpoint" time="0.393" /><testcase classname="backend.tests.test_features.TestKitchenDashboard" name="test_kitchen_orders_summary" time="0.082" /><testcase classname="backend.tests.test_features.TestManageOrdersAPI" name="test_get_manage_orders" time="0.366" /><testcase classname="backend.tests.test_features.TestIncentiveReportData" name="test_get_sales_persons" time="0.395" /><testcase classname="backend.tests.test_features.TestVoiceUploadEndpoint" name="test_voice_upload_endpoint_exists" time="0.396" /><testcase classname="backend.tests.test_features.TestSystemSettings" name="test_get_system_settings" time="0.385" /><testcase classname="backend.tests.test_features.TestSystemSettings" name="test_update_system_settings" time="0.088" /></testsuite></testsuites>