<?xml version="1.0" encoding="utf-8"?><testsuites name="pytest tests"><testsuite name="pytest" errors="0" failures="0" skipped="0" tests="11" time="4.566" timestamp="2026-04-07T04:43:39.756551+00:00" hostname="agent-env-ed9815ed-aa2c-4e55-8be8-a38f92d30ecd"><testcase classname="backend.tests.test_order_lifecycle.TestAuth" name="test_admin_login" time="0.557" /><testcase classname="backend.tests.test_order_lifecycle.TestAuth" name="test_kitchen_login" time="0.310" /><testcase classname="backend.tests.test_order_lifecycle.TestAuth" name="test_delivery_login" time="0.326" /><testcase classname="backend.tests.test_order_lifecycle.TestMasterData" name="test_get_outlets" time="0.398" /><testcase classname="backend.tests.test_order_lifecycle.TestMasterData" name="test_get_time_slots" time="0.071" /><testcase classname="backend.tests.test_order_lifecycle.TestMasterData" name="test_get_flavours" time="0.067" /><testcase classname="backend.tests.test_order_lifecycle.TestMasterData" name="test_get_delivery_persons" time="0.079" /><testcase classname="backend.tests.test_order_lifecycle.TestOrderLifecycle" name="test_full_order_lifecycle" time="2.346" /><testcase classname="backend.tests.test_order_lifecycle.TestEditOrder" name="test_edit_order" time="0.197" /><testcase classname="backend.tests.test_order_lifecycle.TestKitchenDashboard" name="test_kitchen_orders" time="0.083" /><testcase classname="backend.tests.test_order_lifecycle.TestDeliveryDashboard" name="test_delivery_my_orders" time="0.062" /></testsuite></testsuites>