<?xml version="1.0" encoding="utf-8"?><testsuites name="pytest tests"><testsuite name="pytest" errors="0" failures="0" skipped="0" tests="16" time="7.069" timestamp="2026-02-26T16:08:08.441415+00:00" hostname="agent-env-2911216d-3e5c-4d5c-a051-aa4bb127cb53"><testcase classname="tests.test_whatsapp_api.TestAuth" name="test_login_super_admin" time="0.491" /><testcase classname="tests.test_whatsapp_api.TestAuth" name="test_login_invalid_credentials" time="0.114" /><testcase classname="tests.test_whatsapp_api.TestWhatsAppTemplatesCRUD" name="test_get_templates_empty_or_list" time="0.481" /><testcase classname="tests.test_whatsapp_api.TestWhatsAppTemplatesCRUD" name="test_create_order_placed_template" time="0.630" /><testcase classname="tests.test_whatsapp_api.TestWhatsAppTemplatesCRUD" name="test_create_order_confirmed_template" time="0.507" /><testcase classname="tests.test_whatsapp_api.TestWhatsAppTemplatesCRUD" name="test_create_order_ready_template" time="0.424" /><testcase classname="tests.test_whatsapp_api.TestWhatsAppTemplatesCRUD" name="test_create_out_for_delivery_template" time="0.393" /><testcase classname="tests.test_whatsapp_api.TestWhatsAppTemplatesCRUD" name="test_create_delivered_template" time="0.411" /><testcase classname="tests.test_whatsapp_api.TestWhatsAppTemplatesCRUD" name="test_update_template_via_patch" time="0.370" /><testcase classname="tests.test_whatsapp_api.TestWhatsAppTemplatesCRUD" name="test_verify_template_update_persisted" time="0.466" /><testcase classname="tests.test_whatsapp_api.TestWhatsAppTemplatesCRUD" name="test_get_whatsapp_logs" time="0.468" /><testcase classname="tests.test_whatsapp_api.TestWhatsAppUnauthorized" name="test_templates_without_auth" time="0.134" /><testcase classname="tests.test_whatsapp_api.TestWhatsAppUnauthorized" name="test_logs_without_auth" time="0.088" /><testcase classname="tests.test_whatsapp_api.TestOrderWhatsAppIntegration" name="test_create_order_triggers_notification" time="1.034" /><testcase classname="tests.test_whatsapp_api.TestOrderWhatsAppIntegration" name="test_update_order_status_triggers_notification" time="0.908" /><testcase classname="tests.test_whatsapp_api.TestHealthCheck" name="test_api_health" time="0.098" /></testsuite></testsuites>